Info    2023-04-16 06:35:12  DevID:MV-CA016-10UC(00K97085740)  Source-Line:libMvCameraControl.so(CInterfaceManager.cpp-L0809)     Description:Current dynamic library path[/opt/MVS/lib/aarch64/libMvCameraControl.so]     Solution:
Info    2023-04-16 06:35:12  DevID:MV-CA016-10UC(00K97085740)  Source-Line:libMvCameraControl.so(CInterfaceManager.cpp-L0812)     Description:CamCtl_Version: 3.2.2.1     Solution:
Info    2023-04-16 06:35:12  DevID:MV-CA016-10UC(00K97085740)  Source-Line:libMvCameraControl.so(CInterfaceManager.cpp-L0813)     Description:CamCtl_Description: BaseLine Build 20220511     Solution:
Info    2023-04-16 06:35:12  DevID:MV-CA016-10UC(00K97085740)  Source-Line:libMvCameraControl.so(CInterfaceManager.cpp-L0815)     Description:[MV_CC_CreateHandle] return[0x0]     Solution:
Info    2023-04-16 06:35:12  DevID:MV-CA016-10UC(00K97085740)  Source-Line:libMvCameraControl.so(CInterfaceManager.cpp-L6710)     Description:CamCtrl[0x3020201], U3V SDKVersion[0x3020201], DriverVersion[0x0]     Solution:
Info    2023-04-16 06:35:13  DevID:MV-CA016-10UC(00K97085740)  Source-Line:libMvCameraControl.so(CInterfaceManager.cpp-L4236)     Description:[MV_CC_InvalidateNodes] return[0x0]     Solution:
Info    2023-04-16 06:35:13  DevID:MV-CA016-10UC(00K97085740)  Source-Line:libMvCameraControl.so(CInterfaceManager.cpp-L1086)     Description:[MV_CC_OpenDevice] nPrivilegeMode[1], nSwitchoverKey[0], return[0x0]     Solution:
Info    2023-04-16 06:35:13  DevID:MV-CA016-10UC(00K97085740)  Source-Line:libMvCameraControl.so(CInterfaceManager.cpp-L1703)     Description:U3V, DeviceModelName[MV-CA016-10UC], DeviceFirmwareVersion[V1.6.3 201222,20091101], DeviceMaxThroughput[387500000]     Solution:
Info    2023-04-16 06:35:13  DevID:MV-CA016-10UC(00K97085740)  Source-Line:libMvCameraControl.so(CInterfaceManager.cpp-L1708)     Description:U3V, Width[1280], Height[768], OffsetX[80], OffsetY[312], PixelFormat[0x2180015], AcquisitionMode[2]     Solution:
Info    2023-04-16 06:35:13  DevID:MV-CA016-10UC(00K97085740)  Source-Line:libMvCameraControl.so(CInterfaceManager.cpp-L1713)     Description:U3V, TriggerMode[0], ResultingFrameRate[70.40], ExposureTime[10000.00], ExposureAuto[0], PayloadSize[2949120]     Solution:
Info    2023-04-16 06:35:13  DevID:MV-CA016-10UC(00K97085740)  Source-Line:libMvCameraControl.so(CInterfaceManager.cpp-L6315)     Description:CamCtrl RecvThread Start, ThreadId[980945152]     Solution:
Info    2023-04-16 06:35:13  DevID:MV-CA016-10UC(00K97085740)  Source-Line:libMvCameraControl.so(CInterfaceManager.cpp-L6083)     Description:CamCtrl Display Thread Start, ThreadId[972552448]     Solution:
Info    2023-04-16 06:35:13  DevID:MV-CA016-10UC(00K97085740)  Source-Line:libMvCameraControl.so(CInterfaceManager.cpp-L1795)     Description:There is no registration callback     Solution:
Info    2023-04-16 06:35:13  DevID:MV-CA016-10UC(00K97085740)  Source-Line:libMvCameraControl.so(CInterfaceManager.cpp-L1800)     Description:[MV_CC_StartGrabbing] return[0x0]     Solution:
Info    2023-04-16 06:35:51  DevID:MV-CA016-10UC(00K97085740)  Source-Line:libMvCameraControl.so(CInterfaceManager.cpp-L0809)     Description:Current dynamic library path[/opt/MVS/lib/aarch64/libMvCameraControl.so]     Solution:
Info    2023-04-16 06:35:51  DevID:MV-CA016-10UC(00K97085740)  Source-Line:libMvCameraControl.so(CInterfaceManager.cpp-L0812)     Description:CamCtl_Version: 3.2.2.1     Solution:
Info    2023-04-16 06:35:51  DevID:MV-CA016-10UC(00K97085740)  Source-Line:libMvCameraControl.so(CInterfaceManager.cpp-L0813)     Description:CamCtl_Description: BaseLine Build 20220511     Solution:
Info    2023-04-16 06:35:51  DevID:MV-CA016-10UC(00K97085740)  Source-Line:libMvCameraControl.so(CInterfaceManager.cpp-L0815)     Description:[MV_CC_CreateHandle] return[0x0]     Solution:
Info    2023-04-16 06:35:51  DevID:MV-CA016-10UC(00K97085740)  Source-Line:libMvCameraControl.so(CInterfaceManager.cpp-L6710)     Description:CamCtrl[0x3020201], U3V SDKVersion[0x3020201], DriverVersion[0x0]     Solution:
Error   2023-04-16 06:35:51  DevID:MV-CA016-10UC(00K97085740)  Source-Line:libMvCameraControl.so(CInterfaceManager.cpp-L4225)     Description:[MV_CC_InvalidateNodes] return[0x80000003]     Solution:
Info    2023-04-16 06:35:51  DevID:MV-CA016-10UC(00K97085740)  Source-Line:libMvCameraControl.so(CInterfaceManager.cpp-L1086)     Description:[MV_CC_OpenDevice] nPrivilegeMode[1], nSwitchoverKey[0], return[0x80000203]     Solution:
Info    2023-04-16 06:35:51  DevID:MV-CA016-10UC(00K97085740)  Source-Line:libMvCameraControl.so(CInterfaceManager.cpp-L0809)     Description:Current dynamic library path[/opt/MVS/lib/aarch64/libMvCameraControl.so]     Solution:
Info    2023-04-16 06:35:51  DevID:MV-CA016-10UC(00K97085740)  Source-Line:libMvCameraControl.so(CInterfaceManager.cpp-L0812)     Description:CamCtl_Version: 3.2.2.1     Solution:
Info    2023-04-16 06:35:51  DevID:MV-CA016-10UC(00K97085740)  Source-Line:libMvCameraControl.so(CInterfaceManager.cpp-L0813)     Description:CamCtl_Description: BaseLine Build 20220511     Solution:
Info    2023-04-16 06:35:51  DevID:MV-CA016-10UC(00K97085740)  Source-Line:libMvCameraControl.so(CInterfaceManager.cpp-L0815)     Description:[MV_CC_CreateHandle] return[0x0]     Solution:
Info    2023-04-16 06:35:51  DevID:MV-CA016-10UC(00K97085740)  Source-Line:libMvCameraControl.so(CInterfaceManager.cpp-L6710)     Description:CamCtrl[0x3020201], U3V SDKVersion[0x3020201], DriverVersion[0x0]     Solution:
Error   2023-04-16 06:35:51  DevID:MV-CA016-10UC(00K97085740)  Source-Line:libMvCameraControl.so(CInterfaceManager.cpp-L4225)     Description:[MV_CC_InvalidateNodes] return[0x80000003]     Solution:
Info    2023-04-16 06:35:51  DevID:MV-CA016-10UC(00K97085740)  Source-Line:libMvCameraControl.so(CInterfaceManager.cpp-L1086)     Description:[MV_CC_OpenDevice] nPrivilegeMode[1], nSwitchoverKey[0], return[0x80000203]     Solution:
Info    2023-04-16 06:35:51  DevID:MV-CA016-10UC(00K97085740)  Source-Line:libMvCameraControl.so(CInterfaceManager.cpp-L0809)     Description:Current dynamic library path[/opt/MVS/lib/aarch64/libMvCameraControl.so]     Solution:
Info    2023-04-16 06:35:51  DevID:MV-CA016-10UC(00K97085740)  Source-Line:libMvCameraControl.so(CInterfaceManager.cpp-L0812)     Description:CamCtl_Version: 3.2.2.1     Solution:
Info    2023-04-16 06:35:51  DevID:MV-CA016-10UC(00K97085740)  Source-Line:libMvCameraControl.so(CInterfaceManager.cpp-L0813)     Description:CamCtl_Description: BaseLine Build 20220511     Solution:
Info    2023-04-16 06:35:51  DevID:MV-CA016-10UC(00K97085740)  Source-Line:libMvCameraControl.so(CInterfaceManager.cpp-L0815)     Description:[MV_CC_CreateHandle] return[0x0]     Solution:
Info    2023-04-16 06:35:51  DevID:MV-CA016-10UC(00K97085740)  Source-Line:libMvCameraControl.so(CInterfaceManager.cpp-L6710)     Description:CamCtrl[0x3020201], U3V SDKVersion[0x3020201], DriverVersion[0x0]     Solution:
Error   2023-04-16 06:35:51  DevID:MV-CA016-10UC(00K97085740)  Source-Line:libMvCameraControl.so(CInterfaceManager.cpp-L4225)     Description:[MV_CC_InvalidateNodes] return[0x80000003]     Solution:
Info    2023-04-16 06:35:51  DevID:MV-CA016-10UC(00K97085740)  Source-Line:libMvCameraControl.so(CInterfaceManager.cpp-L1086)     Description:[MV_CC_OpenDevice] nPrivilegeMode[1], nSwitchoverKey[0], return[0x80000203]     Solution:
Info    2023-04-16 06:35:51  DevID:MV-CA016-10UC(00K97085740)  Source-Line:libMvCameraControl.so(CInterfaceManager.cpp-L0809)     Description:Current dynamic library path[/opt/MVS/lib/aarch64/libMvCameraControl.so]     Solution:
Info    2023-04-16 06:35:51  DevID:MV-CA016-10UC(00K97085740)  Source-Line:libMvCameraControl.so(CInterfaceManager.cpp-L0812)     Description:CamCtl_Version: 3.2.2.1     Solution:
Info    2023-04-16 06:35:51  DevID:MV-CA016-10UC(00K97085740)  Source-Line:libMvCameraControl.so(CInterfaceManager.cpp-L0813)     Description:CamCtl_Description: BaseLine Build 20220511     Solution:
Info    2023-04-16 06:35:51  DevID:MV-CA016-10UC(00K97085740)  Source-Line:libMvCameraControl.so(CInterfaceManager.cpp-L0815)     Description:[MV_CC_CreateHandle] return[0x0]     Solution:
Info    2023-04-16 06:35:51  DevID:MV-CA016-10UC(00K97085740)  Source-Line:libMvCameraControl.so(CInterfaceManager.cpp-L6710)     Description:CamCtrl[0x3020201], U3V SDKVersion[0x3020201], DriverVersion[0x0]     Solution:
Error   2023-04-16 06:35:51  DevID:MV-CA016-10UC(00K97085740)  Source-Line:libMvCameraControl.so(CInterfaceManager.cpp-L4225)     Description:[MV_CC_InvalidateNodes] return[0x80000003]     Solution:
Info    2023-04-16 06:35:51  DevID:MV-CA016-10UC(00K97085740)  Source-Line:libMvCameraControl.so(CInterfaceManager.cpp-L1086)     Description:[MV_CC_OpenDevice] nPrivilegeMode[1], nSwitchoverKey[0], return[0x80000203]     Solution:
Info    2023-04-16 06:35:51  DevID:MV-CA016-10UC(00K97085740)  Source-Line:libMvCameraControl.so(CInterfaceManager.cpp-L0809)     Description:Current dynamic library path[/opt/MVS/lib/aarch64/libMvCameraControl.so]     Solution:
Info    2023-04-16 06:35:51  DevID:MV-CA016-10UC(00K97085740)  Source-Line:libMvCameraControl.so(CInterfaceManager.cpp-L0812)     Description:CamCtl_Version: 3.2.2.1     Solution:
Info    2023-04-16 06:35:51  DevID:MV-CA016-10UC(00K97085740)  Source-Line:libMvCameraControl.so(CInterfaceManager.cpp-L0813)     Description:CamCtl_Description: BaseLine Build 20220511     Solution:
Info    2023-04-16 06:35:51  DevID:MV-CA016-10UC(00K97085740)  Source-Line:libMvCameraControl.so(CInterfaceManager.cpp-L0815)     Description:[MV_CC_CreateHandle] return[0x0]     Solution:
Info    2023-04-16 06:35:51  DevID:MV-CA016-10UC(00K97085740)  Source-Line:libMvCameraControl.so(CInterfaceManager.cpp-L6710)     Description:CamCtrl[0x3020201], U3V SDKVersion[0x3020201], DriverVersion[0x0]     Solution:
Error   2023-04-16 06:35:51  DevID:MV-CA016-10UC(00K97085740)  Source-Line:libMvCameraControl.so(CInterfaceManager.cpp-L4225)     Description:[MV_CC_InvalidateNodes] return[0x80000003]     Solution:
Info    2023-04-16 06:35:51  DevID:MV-CA016-10UC(00K97085740)  Source-Line:libMvCameraControl.so(CInterfaceManager.cpp-L1086)     Description:[MV_CC_OpenDevice] nPrivilegeMode[1], nSwitchoverKey[0], return[0x80000203]     Solution:
Info    2023-04-16 06:35:51  DevID:MV-CA016-10UC(00K97085740)  Source-Line:libMvCameraControl.so(CInterfaceManager.cpp-L0809)     Description:Current dynamic library path[/opt/MVS/lib/aarch64/libMvCameraControl.so]     Solution:
Info    2023-04-16 06:35:51  DevID:MV-CA016-10UC(00K97085740)  Source-Line:libMvCameraControl.so(CInterfaceManager.cpp-L0812)     Description:CamCtl_Version: 3.2.2.1     Solution:
Info    2023-04-16 06:35:51  DevID:MV-CA016-10UC(00K97085740)  Source-Line:libMvCameraControl.so(CInterfaceManager.cpp-L0813)     Description:CamCtl_Description: BaseLine Build 20220511     Solution:
Info    2023-04-16 06:35:51  DevID:MV-CA016-10UC(00K97085740)  Source-Line:libMvCameraControl.so(CInterfaceManager.cpp-L0815)     Description:[MV_CC_CreateHandle] return[0x0]     Solution:
Info    2023-04-16 06:35:51  DevID:MV-CA016-10UC(00K97085740)  Source-Line:libMvCameraControl.so(CInterfaceManager.cpp-L6710)     Description:CamCtrl[0x3020201], U3V SDKVersion[0x3020201], DriverVersion[0x0]     Solution:
Error   2023-04-16 06:35:51  DevID:MV-CA016-10UC(00K97085740)  Source-Line:libMvCameraControl.so(CInterfaceManager.cpp-L4225)     Description:[MV_CC_InvalidateNodes] return[0x80000003]     Solution:
Info    2023-04-16 06:35:51  DevID:MV-CA016-10UC(00K97085740)  Source-Line:libMvCameraControl.so(CInterfaceManager.cpp-L1086)     Description:[MV_CC_OpenDevice] nPrivilegeMode[1], nSwitchoverKey[0], return[0x80000203]     Solution:
Info    2023-04-16 06:35:51  DevID:MV-CA016-10UC(00K97085740)  Source-Line:libMvCameraControl.so(CInterfaceManager.cpp-L0809)     Description:Current dynamic library path[/opt/MVS/lib/aarch64/libMvCameraControl.so]     Solution:
Info    2023-04-16 06:35:51  DevID:MV-CA016-10UC(00K97085740)  Source-Line:libMvCameraControl.so(CInterfaceManager.cpp-L0812)     Description:CamCtl_Version: 3.2.2.1     Solution:
Info    2023-04-16 06:35:51  DevID:MV-CA016-10UC(00K97085740)  Source-Line:libMvCameraControl.so(CInterfaceManager.cpp-L0813)     Description:CamCtl_Description: BaseLine Build 20220511     Solution:
Info    2023-04-16 06:35:51  DevID:MV-CA016-10UC(00K97085740)  Source-Line:libMvCameraControl.so(CInterfaceManager.cpp-L0815)     Description:[MV_CC_CreateHandle] return[0x0]     Solution:
Info    2023-04-16 06:35:51  DevID:MV-CA016-10UC(00K97085740)  Source-Line:libMvCameraControl.so(CInterfaceManager.cpp-L6710)     Description:CamCtrl[0x3020201], U3V SDKVersion[0x3020201], DriverVersion[0x0]     Solution:
Error   2023-04-16 06:35:51  DevID:MV-CA016-10UC(00K97085740)  Source-Line:libMvCameraControl.so(CInterfaceManager.cpp-L4225)     Description:[MV_CC_InvalidateNodes] return[0x80000003]     Solution:
Info    2023-04-16 06:35:51  DevID:MV-CA016-10UC(00K97085740)  Source-Line:libMvCameraControl.so(CInterfaceManager.cpp-L1086)     Description:[MV_CC_OpenDevice] nPrivilegeMode[1], nSwitchoverKey[0], return[0x80000203]     Solution:
Info    2023-04-16 06:35:51  DevID:MV-CA016-10UC(00K97085740)  Source-Line:libMvCameraControl.so(CInterfaceManager.cpp-L0809)     Description:Current dynamic library path[/opt/MVS/lib/aarch64/libMvCameraControl.so]     Solution:
Info    2023-04-16 06:35:51  DevID:MV-CA016-10UC(00K97085740)  Source-Line:libMvCameraControl.so(CInterfaceManager.cpp-L0812)     Description:CamCtl_Version: 3.2.2.1     Solution:
Info    2023-04-16 06:35:51  DevID:MV-CA016-10UC(00K97085740)  Source-Line:libMvCameraControl.so(CInterfaceManager.cpp-L0813)     Description:CamCtl_Description: BaseLine Build 20220511     Solution:
Info    2023-04-16 06:35:51  DevID:MV-CA016-10UC(00K97085740)  Source-Line:libMvCameraControl.so(CInterfaceManager.cpp-L0815)     Description:[MV_CC_CreateHandle] return[0x0]     Solution:
Info    2023-04-16 06:35:51  DevID:MV-CA016-10UC(00K97085740)  Source-Line:libMvCameraControl.so(CInterfaceManager.cpp-L6710)     Description:CamCtrl[0x3020201], U3V SDKVersion[0x3020201], DriverVersion[0x0]     Solution:
Error   2023-04-16 06:35:51  DevID:MV-CA016-10UC(00K97085740)  Source-Line:libMvCameraControl.so(CInterfaceManager.cpp-L4225)     Description:[MV_CC_InvalidateNodes] return[0x80000003]     Solution:
Info    2023-04-16 06:35:51  DevID:MV-CA016-10UC(00K97085740)  Source-Line:libMvCameraControl.so(CInterfaceManager.cpp-L1086)     Description:[MV_CC_OpenDevice] nPrivilegeMode[1], nSwitchoverKey[0], return[0x80000203]     Solution:
Info    2023-04-16 06:35:51  DevID:MV-CA016-10UC(00K97085740)  Source-Line:libMvCameraControl.so(CInterfaceManager.cpp-L0809)     Description:Current dynamic library path[/opt/MVS/lib/aarch64/libMvCameraControl.so]     Solution:
Info    2023-04-16 06:35:51  DevID:MV-CA016-10UC(00K97085740)  Source-Line:libMvCameraControl.so(CInterfaceManager.cpp-L0812)     Description:CamCtl_Version: 3.2.2.1     Solution:
Info    2023-04-16 06:35:51  DevID:MV-CA016-10UC(00K97085740)  Source-Line:libMvCameraControl.so(CInterfaceManager.cpp-L0813)     Description:CamCtl_Description: BaseLine Build 20220511     Solution:
Info    2023-04-16 06:35:51  DevID:MV-CA016-10UC(00K97085740)  Source-Line:libMvCameraControl.so(CInterfaceManager.cpp-L0815)     Description:[MV_CC_CreateHandle] return[0x0]     Solution:
Info    2023-04-16 06:35:51  DevID:MV-CA016-10UC(00K97085740)  Source-Line:libMvCameraControl.so(CInterfaceManager.cpp-L6710)     Description:CamCtrl[0x3020201], U3V SDKVersion[0x3020201], DriverVersion[0x0]     Solution:
Error   2023-04-16 06:35:51  DevID:MV-CA016-10UC(00K97085740)  Source-Line:libMvCameraControl.so(CInterfaceManager.cpp-L4225)     Description:[MV_CC_InvalidateNodes] return[0x80000003]     Solution:
Info    2023-04-16 06:35:51  DevID:MV-CA016-10UC(00K97085740)  Source-Line:libMvCameraControl.so(CInterfaceManager.cpp-L1086)     Description:[MV_CC_OpenDevice] nPrivilegeMode[1], nSwitchoverKey[0], return[0x80000203]     Solution:
Info    2023-04-16 06:35:52  DevID:MV-CA016-10UC(00K97085740)  Source-Line:libMvCameraControl.so(CInterfaceManager.cpp-L0809)     Description:Current dynamic library path[/opt/MVS/lib/aarch64/libMvCameraControl.so]     Solution:
Info    2023-04-16 06:35:52  DevID:MV-CA016-10UC(00K97085740)  Source-Line:libMvCameraControl.so(CInterfaceManager.cpp-L0812)     Description:CamCtl_Version: 3.2.2.1     Solution:
Info    2023-04-16 06:35:52  DevID:MV-CA016-10UC(00K97085740)  Source-Line:libMvCameraControl.so(CInterfaceManager.cpp-L0813)     Description:CamCtl_Description: BaseLine Build 20220511     Solution:
Info    2023-04-16 06:35:52  DevID:MV-CA016-10UC(00K97085740)  Source-Line:libMvCameraControl.so(CInterfaceManager.cpp-L0815)     Description:[MV_CC_CreateHandle] return[0x0]     Solution:
Info    2023-04-16 06:35:52  DevID:MV-CA016-10UC(00K97085740)  Source-Line:libMvCameraControl.so(CInterfaceManager.cpp-L6710)     Description:CamCtrl[0x3020201], U3V SDKVersion[0x3020201], DriverVersion[0x0]     Solution:
Error   2023-04-16 06:35:52  DevID:MV-CA016-10UC(00K97085740)  Source-Line:libMvCameraControl.so(CInterfaceManager.cpp-L4225)     Description:[MV_CC_InvalidateNodes] return[0x80000003]     Solution:
Info    2023-04-16 06:35:52  DevID:MV-CA016-10UC(00K97085740)  Source-Line:libMvCameraControl.so(CInterfaceManager.cpp-L1086)     Description:[MV_CC_OpenDevice] nPrivilegeMode[1], nSwitchoverKey[0], return[0x80000203]     Solution:
Info    2023-04-16 06:35:52  DevID:MV-CA016-10UC(00K97085740)  Source-Line:libMvCameraControl.so(CInterfaceManager.cpp-L0809)     Description:Current dynamic library path[/opt/MVS/lib/aarch64/libMvCameraControl.so]     Solution:
Info    2023-04-16 06:35:52  DevID:MV-CA016-10UC(00K97085740)  Source-Line:libMvCameraControl.so(CInterfaceManager.cpp-L0812)     Description:CamCtl_Version: 3.2.2.1     Solution:
Info    2023-04-16 06:35:52  DevID:MV-CA016-10UC(00K97085740)  Source-Line:libMvCameraControl.so(CInterfaceManager.cpp-L0813)     Description:CamCtl_Description: BaseLine Build 20220511     Solution:
Info    2023-04-16 06:35:52  DevID:MV-CA016-10UC(00K97085740)  Source-Line:libMvCameraControl.so(CInterfaceManager.cpp-L0815)     Description:[MV_CC_CreateHandle] return[0x0]     Solution:
Info    2023-04-16 06:35:52  DevID:MV-CA016-10UC(00K97085740)  Source-Line:libMvCameraControl.so(CInterfaceManager.cpp-L6710)     Description:CamCtrl[0x3020201], U3V SDKVersion[0x3020201], DriverVersion[0x0]     Solution:
Error   2023-04-16 06:35:52  DevID:MV-CA016-10UC(00K97085740)  Source-Line:libMvCameraControl.so(CInterfaceManager.cpp-L4225)     Description:[MV_CC_InvalidateNodes] return[0x80000003]     Solution:
Info    2023-04-16 06:35:52  DevID:MV-CA016-10UC(00K97085740)  Source-Line:libMvCameraControl.so(CInterfaceManager.cpp-L1086)     Description:[MV_CC_OpenDevice] nPrivilegeMode[1], nSwitchoverKey[0], return[0x80000203]     Solution:
Info    2023-04-16 06:35:52  DevID:MV-CA016-10UC(00K97085740)  Source-Line:libMvCameraControl.so(CInterfaceManager.cpp-L0809)     Description:Current dynamic library path[/opt/MVS/lib/aarch64/libMvCameraControl.so]     Solution:
Info    2023-04-16 06:35:52  DevID:MV-CA016-10UC(00K97085740)  Source-Line:libMvCameraControl.so(CInterfaceManager.cpp-L0812)     Description:CamCtl_Version: 3.2.2.1     Solution:
Info    2023-04-16 06:35:52  DevID:MV-CA016-10UC(00K97085740)  Source-Line:libMvCameraControl.so(CInterfaceManager.cpp-L0813)     Description:CamCtl_Description: BaseLine Build 20220511     Solution:
Info    2023-04-16 06:35:52  DevID:MV-CA016-10UC(00K97085740)  Source-Line:libMvCameraControl.so(CInterfaceManager.cpp-L0815)     Description:[MV_CC_CreateHandle] return[0x0]     Solution:
Info    2023-04-16 06:35:52  DevID:MV-CA016-10UC(00K97085740)  Source-Line:libMvCameraControl.so(CInterfaceManager.cpp-L6710)     Description:CamCtrl[0x3020201], U3V SDKVersion[0x3020201], DriverVersion[0x0]     Solution:
Error   2023-04-16 06:35:52  DevID:MV-CA016-10UC(00K97085740)  Source-Line:libMvCameraControl.so(CInterfaceManager.cpp-L4225)     Description:[MV_CC_InvalidateNodes] return[0x80000003]     Solution:
Info    2023-04-16 06:35:52  DevID:MV-CA016-10UC(00K97085740)  Source-Line:libMvCameraControl.so(CInterfaceManager.cpp-L1086)     Description:[MV_CC_OpenDevice] nPrivilegeMode[1], nSwitchoverKey[0], return[0x80000203]     Solution:
Info    2023-04-16 06:35:52  DevID:MV-CA016-10UC(00K97085740)  Source-Line:libMvCameraControl.so(CInterfaceManager.cpp-L0809)     Description:Current dynamic library path[/opt/MVS/lib/aarch64/libMvCameraControl.so]     Solution:
Info    2023-04-16 06:35:52  DevID:MV-CA016-10UC(00K97085740)  Source-Line:libMvCameraControl.so(CInterfaceManager.cpp-L0812)     Description:CamCtl_Version: 3.2.2.1     Solution:
Info    2023-04-16 06:35:52  DevID:MV-CA016-10UC(00K97085740)  Source-Line:libMvCameraControl.so(CInterfaceManager.cpp-L0813)     Description:CamCtl_Description: BaseLine Build 20220511     Solution:
Info    2023-04-16 06:35:52  DevID:MV-CA016-10UC(00K97085740)  Source-Line:libMvCameraControl.so(CInterfaceManager.cpp-L0815)     Description:[MV_CC_CreateHandle] return[0x0]     Solution:
Info    2023-04-16 06:35:52  DevID:MV-CA016-10UC(00K97085740)  Source-Line:libMvCameraControl.so(CInterfaceManager.cpp-L6710)     Description:CamCtrl[0x3020201], U3V SDKVersion[0x3020201], DriverVersion[0x0]     Solution:
Error   2023-04-16 06:35:52  DevID:MV-CA016-10UC(00K97085740)  Source-Line:libMvCameraControl.so(CInterfaceManager.cpp-L4225)     Description:[MV_CC_InvalidateNodes] return[0x80000003]     Solution:
Info    2023-04-16 06:35:52  DevID:MV-CA016-10UC(00K97085740)  Source-Line:libMvCameraControl.so(CInterfaceManager.cpp-L1086)     Description:[MV_CC_OpenDevice] nPrivilegeMode[1], nSwitchoverKey[0], return[0x80000203]     Solution:
Info    2023-04-16 06:35:52  DevID:MV-CA016-10UC(00K97085740)  Source-Line:libMvCameraControl.so(CInterfaceManager.cpp-L0809)     Description:Current dynamic library path[/opt/MVS/lib/aarch64/libMvCameraControl.so]     Solution:
Info    2023-04-16 06:35:52  DevID:MV-CA016-10UC(00K97085740)  Source-Line:libMvCameraControl.so(CInterfaceManager.cpp-L0812)     Description:CamCtl_Version: 3.2.2.1     Solution:
Info    2023-04-16 06:35:52  DevID:MV-CA016-10UC(00K97085740)  Source-Line:libMvCameraControl.so(CInterfaceManager.cpp-L0813)     Description:CamCtl_Description: BaseLine Build 20220511     Solution:
Info    2023-04-16 06:35:52  DevID:MV-CA016-10UC(00K97085740)  Source-Line:libMvCameraControl.so(CInterfaceManager.cpp-L0815)     Description:[MV_CC_CreateHandle] return[0x0]     Solution:
Info    2023-04-16 06:35:52  DevID:MV-CA016-10UC(00K97085740)  Source-Line:libMvCameraControl.so(CInterfaceManager.cpp-L6710)     Description:CamCtrl[0x3020201], U3V SDKVersion[0x3020201], DriverVersion[0x0]     Solution:
Error   2023-04-16 06:35:52  DevID:MV-CA016-10UC(00K97085740)  Source-Line:libMvCameraControl.so(CInterfaceManager.cpp-L4225)     Description:[MV_CC_InvalidateNodes] return[0x80000003]     Solution:
Info    2023-04-16 06:35:52  DevID:MV-CA016-10UC(00K97085740)  Source-Line:libMvCameraControl.so(CInterfaceManager.cpp-L1086)     Description:[MV_CC_OpenDevice] nPrivilegeMode[1], nSwitchoverKey[0], return[0x80000203]     Solution:
Info    2023-04-16 06:35:52  DevID:MV-CA016-10UC(00K97085740)  Source-Line:libMvCameraControl.so(CInterfaceManager.cpp-L0809)     Description:Current dynamic library path[/opt/MVS/lib/aarch64/libMvCameraControl.so]     Solution:
Info    2023-04-16 06:35:52  DevID:MV-CA016-10UC(00K97085740)  Source-Line:libMvCameraControl.so(CInterfaceManager.cpp-L0812)     Description:CamCtl_Version: 3.2.2.1     Solution:
Info    2023-04-16 06:35:52  DevID:MV-CA016-10UC(00K97085740)  Source-Line:libMvCameraControl.so(CInterfaceManager.cpp-L0813)     Description:CamCtl_Description: BaseLine Build 20220511     Solution:
Info    2023-04-16 06:35:52  DevID:MV-CA016-10UC(00K97085740)  Source-Line:libMvCameraControl.so(CInterfaceManager.cpp-L0815)     Description:[MV_CC_CreateHandle] return[0x0]     Solution:
Info    2023-04-16 06:35:52  DevID:MV-CA016-10UC(00K97085740)  Source-Line:libMvCameraControl.so(CInterfaceManager.cpp-L6710)     Description:CamCtrl[0x3020201], U3V SDKVersion[0x3020201], DriverVersion[0x0]     Solution:
Error   2023-04-16 06:35:52  DevID:MV-CA016-10UC(00K97085740)  Source-Line:libMvCameraControl.so(CInterfaceManager.cpp-L4225)     Description:[MV_CC_InvalidateNodes] return[0x80000003]     Solution:
Info    2023-04-16 06:35:52  DevID:MV-CA016-10UC(00K97085740)  Source-Line:libMvCameraControl.so(CInterfaceManager.cpp-L1086)     Description:[MV_CC_OpenDevice] nPrivilegeMode[1], nSwitchoverKey[0], return[0x80000203]     Solution:
Info    2023-04-16 06:35:52  DevID:MV-CA016-10UC(00K97085740)  Source-Line:libMvCameraControl.so(CInterfaceManager.cpp-L0809)     Description:Current dynamic library path[/opt/MVS/lib/aarch64/libMvCameraControl.so]     Solution:
Info    2023-04-16 06:35:52  DevID:MV-CA016-10UC(00K97085740)  Source-Line:libMvCameraControl.so(CInterfaceManager.cpp-L0812)     Description:CamCtl_Version: 3.2.2.1     Solution:
Info    2023-04-16 06:35:52  DevID:MV-CA016-10UC(00K97085740)  Source-Line:libMvCameraControl.so(CInterfaceManager.cpp-L0813)     Description:CamCtl_Description: BaseLine Build 20220511     Solution:
Info    2023-04-16 06:35:52  DevID:MV-CA016-10UC(00K97085740)  Source-Line:libMvCameraControl.so(CInterfaceManager.cpp-L0815)     Description:[MV_CC_CreateHandle] return[0x0]     Solution:
Info    2023-04-16 06:35:52  DevID:MV-CA016-10UC(00K97085740)  Source-Line:libMvCameraControl.so(CInterfaceManager.cpp-L6710)     Description:CamCtrl[0x3020201], U3V SDKVersion[0x3020201], DriverVersion[0x0]     Solution:
Error   2023-04-16 06:35:52  DevID:MV-CA016-10UC(00K97085740)  Source-Line:libMvCameraControl.so(CInterfaceManager.cpp-L4225)     Description:[MV_CC_InvalidateNodes] return[0x80000003]     Solution:
Info    2023-04-16 06:35:52  DevID:MV-CA016-10UC(00K97085740)  Source-Line:libMvCameraControl.so(CInterfaceManager.cpp-L1086)     Description:[MV_CC_OpenDevice] nPrivilegeMode[1], nSwitchoverKey[0], return[0x80000203]     Solution:
Info    2023-04-16 06:35:52  DevID:MV-CA016-10UC(00K97085740)  Source-Line:libMvCameraControl.so(CInterfaceManager.cpp-L0809)     Description:Current dynamic library path[/opt/MVS/lib/aarch64/libMvCameraControl.so]     Solution:
Info    2023-04-16 06:35:52  DevID:MV-CA016-10UC(00K97085740)  Source-Line:libMvCameraControl.so(CInterfaceManager.cpp-L0812)     Description:CamCtl_Version: 3.2.2.1     Solution:
Info    2023-04-16 06:35:52  DevID:MV-CA016-10UC(00K97085740)  Source-Line:libMvCameraControl.so(CInterfaceManager.cpp-L0813)     Description:CamCtl_Description: BaseLine Build 20220511     Solution:
Info    2023-04-16 06:35:52  DevID:MV-CA016-10UC(00K97085740)  Source-Line:libMvCameraControl.so(CInterfaceManager.cpp-L0815)     Description:[MV_CC_CreateHandle] return[0x0]     Solution:
Info    2023-04-16 06:35:52  DevID:MV-CA016-10UC(00K97085740)  Source-Line:libMvCameraControl.so(CInterfaceManager.cpp-L6710)     Description:CamCtrl[0x3020201], U3V SDKVersion[0x3020201], DriverVersion[0x0]     Solution:
Error   2023-04-16 06:35:52  DevID:MV-CA016-10UC(00K97085740)  Source-Line:libMvCameraControl.so(CInterfaceManager.cpp-L4225)     Description:[MV_CC_InvalidateNodes] return[0x80000003]     Solution:
Info    2023-04-16 06:35:52  DevID:MV-CA016-10UC(00K97085740)  Source-Line:libMvCameraControl.so(CInterfaceManager.cpp-L1086)     Description:[MV_CC_OpenDevice] nPrivilegeMode[1], nSwitchoverKey[0], return[0x80000203]     Solution:
Info    2023-04-16 06:35:52  DevID:MV-CA016-10UC(00K97085740)  Source-Line:libMvCameraControl.so(CInterfaceManager.cpp-L0809)     Description:Current dynamic library path[/opt/MVS/lib/aarch64/libMvCameraControl.so]     Solution:
Info    2023-04-16 06:35:52  DevID:MV-CA016-10UC(00K97085740)  Source-Line:libMvCameraControl.so(CInterfaceManager.cpp-L0812)     Description:CamCtl_Version: 3.2.2.1     Solution:
Info    2023-04-16 06:35:52  DevID:MV-CA016-10UC(00K97085740)  Source-Line:libMvCameraControl.so(CInterfaceManager.cpp-L0813)     Description:CamCtl_Description: BaseLine Build 20220511     Solution:
Info    2023-04-16 06:35:52  DevID:MV-CA016-10UC(00K97085740)  Source-Line:libMvCameraControl.so(CInterfaceManager.cpp-L0815)     Description:[MV_CC_CreateHandle] return[0x0]     Solution:
Info    2023-04-16 06:35:52  DevID:MV-CA016-10UC(00K97085740)  Source-Line:libMvCameraControl.so(CInterfaceManager.cpp-L6710)     Description:CamCtrl[0x3020201], U3V SDKVersion[0x3020201], DriverVersion[0x0]     Solution:
Error   2023-04-16 06:35:52  DevID:MV-CA016-10UC(00K97085740)  Source-Line:libMvCameraControl.so(CInterfaceManager.cpp-L4225)     Description:[MV_CC_InvalidateNodes] return[0x80000003]     Solution:
Info    2023-04-16 06:35:52  DevID:MV-CA016-10UC(00K97085740)  Source-Line:libMvCameraControl.so(CInterfaceManager.cpp-L1086)     Description:[MV_CC_OpenDevice] nPrivilegeMode[1], nSwitchoverKey[0], return[0x80000203]     Solution:
Info    2023-04-16 06:35:52  DevID:MV-CA016-10UC(00K97085740)  Source-Line:libMvCameraControl.so(CInterfaceManager.cpp-L0809)     Description:Current dynamic library path[/opt/MVS/lib/aarch64/libMvCameraControl.so]     Solution:
Info    2023-04-16 06:35:52  DevID:MV-CA016-10UC(00K97085740)  Source-Line:libMvCameraControl.so(CInterfaceManager.cpp-L0812)     Description:CamCtl_Version: 3.2.2.1     Solution:
Info    2023-04-16 06:35:52  DevID:MV-CA016-10UC(00K97085740)  Source-Line:libMvCameraControl.so(CInterfaceManager.cpp-L0813)     Description:CamCtl_Description: BaseLine Build 20220511     Solution:
Info    2023-04-16 06:35:52  DevID:MV-CA016-10UC(00K97085740)  Source-Line:libMvCameraControl.so(CInterfaceManager.cpp-L0815)     Description:[MV_CC_CreateHandle] return[0x0]     Solution:
Info    2023-04-16 06:35:52  DevID:MV-CA016-10UC(00K97085740)  Source-Line:libMvCameraControl.so(CInterfaceManager.cpp-L6710)     Description:CamCtrl[0x3020201], U3V SDKVersion[0x3020201], DriverVersion[0x0]     Solution:
Error   2023-04-16 06:35:52  DevID:MV-CA016-10UC(00K97085740)  Source-Line:libMvCameraControl.so(CInterfaceManager.cpp-L4225)     Description:[MV_CC_InvalidateNodes] return[0x80000003]     Solution:
Info    2023-04-16 06:35:52  DevID:MV-CA016-10UC(00K97085740)  Source-Line:libMvCameraControl.so(CInterfaceManager.cpp-L1086)     Description:[MV_CC_OpenDevice] nPrivilegeMode[1], nSwitchoverKey[0], return[0x80000203]     Solution:
Info    2023-04-16 06:35:52  DevID:MV-CA016-10UC(00K97085740)  Source-Line:libMvCameraControl.so(CInterfaceManager.cpp-L0809)     Description:Current dynamic library path[/opt/MVS/lib/aarch64/libMvCameraControl.so]     Solution:
Info    2023-04-16 06:35:52  DevID:MV-CA016-10UC(00K97085740)  Source-Line:libMvCameraControl.so(CInterfaceManager.cpp-L0812)     Description:CamCtl_Version: 3.2.2.1     Solution:
Info    2023-04-16 06:35:52  DevID:MV-CA016-10UC(00K97085740)  Source-Line:libMvCameraControl.so(CInterfaceManager.cpp-L0813)     Description:CamCtl_Description: BaseLine Build 20220511     Solution:
Info    2023-04-16 06:35:52  DevID:MV-CA016-10UC(00K97085740)  Source-Line:libMvCameraControl.so(CInterfaceManager.cpp-L0815)     Description:[MV_CC_CreateHandle] return[0x0]     Solution:
Info    2023-04-16 06:35:52  DevID:MV-CA016-10UC(00K97085740)  Source-Line:libMvCameraControl.so(CInterfaceManager.cpp-L6710)     Description:CamCtrl[0x3020201], U3V SDKVersion[0x3020201], DriverVersion[0x0]     Solution:
Error   2023-04-16 06:35:52  DevID:MV-CA016-10UC(00K97085740)  Source-Line:libMvCameraControl.so(CInterfaceManager.cpp-L4225)     Description:[MV_CC_InvalidateNodes] return[0x80000003]     Solution:
Info    2023-04-16 06:35:52  DevID:MV-CA016-10UC(00K97085740)  Source-Line:libMvCameraControl.so(CInterfaceManager.cpp-L1086)     Description:[MV_CC_OpenDevice] nPrivilegeMode[1], nSwitchoverKey[0], return[0x80000203]     Solution:
Info    2023-04-16 06:35:52  DevID:MV-CA016-10UC(00K97085740)  Source-Line:libMvCameraControl.so(CInterfaceManager.cpp-L0809)     Description:Current dynamic library path[/opt/MVS/lib/aarch64/libMvCameraControl.so]     Solution:
Info    2023-04-16 06:35:52  DevID:MV-CA016-10UC(00K97085740)  Source-Line:libMvCameraControl.so(CInterfaceManager.cpp-L0812)     Description:CamCtl_Version: 3.2.2.1     Solution:
Info    2023-04-16 06:35:52  DevID:MV-CA016-10UC(00K97085740)  Source-Line:libMvCameraControl.so(CInterfaceManager.cpp-L0813)     Description:CamCtl_Description: BaseLine Build 20220511     Solution:
Info    2023-04-16 06:35:52  DevID:MV-CA016-10UC(00K97085740)  Source-Line:libMvCameraControl.so(CInterfaceManager.cpp-L0815)     Description:[MV_CC_CreateHandle] return[0x0]     Solution:
Info    2023-04-16 06:35:52  DevID:MV-CA016-10UC(00K97085740)  Source-Line:libMvCameraControl.so(CInterfaceManager.cpp-L6710)     Description:CamCtrl[0x3020201], U3V SDKVersion[0x3020201], DriverVersion[0x0]     Solution:
Error   2023-04-16 06:35:52  DevID:MV-CA016-10UC(00K97085740)  Source-Line:libMvCameraControl.so(CInterfaceManager.cpp-L4225)     Description:[MV_CC_InvalidateNodes] return[0x80000003]     Solution:
Info    2023-04-16 06:35:52  DevID:MV-CA016-10UC(00K97085740)  Source-Line:libMvCameraControl.so(CInterfaceManager.cpp-L1086)     Description:[MV_CC_OpenDevice] nPrivilegeMode[1], nSwitchoverKey[0], return[0x80000203]     Solution:
Info    2023-04-16 06:35:52  DevID:MV-CA016-10UC(00K97085740)  Source-Line:libMvCameraControl.so(CInterfaceManager.cpp-L0809)     Description:Current dynamic library path[/opt/MVS/lib/aarch64/libMvCameraControl.so]     Solution:
Info    2023-04-16 06:35:52  DevID:MV-CA016-10UC(00K97085740)  Source-Line:libMvCameraControl.so(CInterfaceManager.cpp-L0812)     Description:CamCtl_Version: 3.2.2.1     Solution:
Info    2023-04-16 06:35:52  DevID:MV-CA016-10UC(00K97085740)  Source-Line:libMvCameraControl.so(CInterfaceManager.cpp-L0813)     Description:CamCtl_Description: BaseLine Build 20220511     Solution:
Info    2023-04-16 06:35:52  DevID:MV-CA016-10UC(00K97085740)  Source-Line:libMvCameraControl.so(CInterfaceManager.cpp-L0815)     Description:[MV_CC_CreateHandle] return[0x0]     Solution:
Info    2023-04-16 06:35:52  DevID:MV-CA016-10UC(00K97085740)  Source-Line:libMvCameraControl.so(CInterfaceManager.cpp-L6710)     Description:CamCtrl[0x3020201], U3V SDKVersion[0x3020201], DriverVersion[0x0]     Solution:
Error   2023-04-16 06:35:53  DevID:MV-CA016-10UC(00K97085740)  Source-Line:libMvCameraControl.so(CInterfaceManager.cpp-L4225)     Description:[MV_CC_InvalidateNodes] return[0x80000003]     Solution:
Info    2023-04-16 06:35:53  DevID:MV-CA016-10UC(00K97085740)  Source-Line:libMvCameraControl.so(CInterfaceManager.cpp-L1086)     Description:[MV_CC_OpenDevice] nPrivilegeMode[1], nSwitchoverKey[0], return[0x80000203]     Solution:
Info    2023-04-16 06:35:53  DevID:MV-CA016-10UC(00K97085740)  Source-Line:libMvCameraControl.so(CInterfaceManager.cpp-L0809)     Description:Current dynamic library path[/opt/MVS/lib/aarch64/libMvCameraControl.so]     Solution:
Info    2023-04-16 06:35:53  DevID:MV-CA016-10UC(00K97085740)  Source-Line:libMvCameraControl.so(CInterfaceManager.cpp-L0812)     Description:CamCtl_Version: 3.2.2.1     Solution:
Info    2023-04-16 06:35:53  DevID:MV-CA016-10UC(00K97085740)  Source-Line:libMvCameraControl.so(CInterfaceManager.cpp-L0813)     Description:CamCtl_Description: BaseLine Build 20220511     Solution:
Info    2023-04-16 06:35:53  DevID:MV-CA016-10UC(00K97085740)  Source-Line:libMvCameraControl.so(CInterfaceManager.cpp-L0815)     Description:[MV_CC_CreateHandle] return[0x0]     Solution:
Info    2023-04-16 06:35:53  DevID:MV-CA016-10UC(00K97085740)  Source-Line:libMvCameraControl.so(CInterfaceManager.cpp-L6710)     Description:CamCtrl[0x3020201], U3V SDKVersion[0x3020201], DriverVersion[0x0]     Solution:
Error   2023-04-16 06:35:53  DevID:MV-CA016-10UC(00K97085740)  Source-Line:libMvCameraControl.so(CInterfaceManager.cpp-L4225)     Description:[MV_CC_InvalidateNodes] return[0x80000003]     Solution:
Info    2023-04-16 06:35:53  DevID:MV-CA016-10UC(00K97085740)  Source-Line:libMvCameraControl.so(CInterfaceManager.cpp-L1086)     Description:[MV_CC_OpenDevice] nPrivilegeMode[1], nSwitchoverKey[0], return[0x80000203]     Solution:
Info    2023-04-16 06:35:53  DevID:MV-CA016-10UC(00K97085740)  Source-Line:libMvCameraControl.so(CInterfaceManager.cpp-L0809)     Description:Current dynamic library path[/opt/MVS/lib/aarch64/libMvCameraControl.so]     Solution:
Info    2023-04-16 06:35:53  DevID:MV-CA016-10UC(00K97085740)  Source-Line:libMvCameraControl.so(CInterfaceManager.cpp-L0812)     Description:CamCtl_Version: 3.2.2.1     Solution:
Info    2023-04-16 06:35:53  DevID:MV-CA016-10UC(00K97085740)  Source-Line:libMvCameraControl.so(CInterfaceManager.cpp-L0813)     Description:CamCtl_Description: BaseLine Build 20220511     Solution:
Info    2023-04-16 06:35:53  DevID:MV-CA016-10UC(00K97085740)  Source-Line:libMvCameraControl.so(CInterfaceManager.cpp-L0815)     Description:[MV_CC_CreateHandle] return[0x0]     Solution:
Info    2023-04-16 06:35:53  DevID:MV-CA016-10UC(00K97085740)  Source-Line:libMvCameraControl.so(CInterfaceManager.cpp-L6710)     Description:CamCtrl[0x3020201], U3V SDKVersion[0x3020201], DriverVersion[0x0]     Solution:
Error   2023-04-16 06:35:53  DevID:MV-CA016-10UC(00K97085740)  Source-Line:libMvCameraControl.so(CInterfaceManager.cpp-L4225)     Description:[MV_CC_InvalidateNodes] return[0x80000003]     Solution:
Info    2023-04-16 06:35:53  DevID:MV-CA016-10UC(00K97085740)  Source-Line:libMvCameraControl.so(CInterfaceManager.cpp-L1086)     Description:[MV_CC_OpenDevice] nPrivilegeMode[1], nSwitchoverKey[0], return[0x80000203]     Solution:
Info    2023-04-16 06:35:53  DevID:MV-CA016-10UC(00K97085740)  Source-Line:libMvCameraControl.so(CInterfaceManager.cpp-L0809)     Description:Current dynamic library path[/opt/MVS/lib/aarch64/libMvCameraControl.so]     Solution:
Info    2023-04-16 06:35:53  DevID:MV-CA016-10UC(00K97085740)  Source-Line:libMvCameraControl.so(CInterfaceManager.cpp-L0812)     Description:CamCtl_Version: 3.2.2.1     Solution:
Info    2023-04-16 06:35:53  DevID:MV-CA016-10UC(00K97085740)  Source-Line:libMvCameraControl.so(CInterfaceManager.cpp-L0813)     Description:CamCtl_Description: BaseLine Build 20220511     Solution:
Info    2023-04-16 06:35:53  DevID:MV-CA016-10UC(00K97085740)  Source-Line:libMvCameraControl.so(CInterfaceManager.cpp-L0815)     Description:[MV_CC_CreateHandle] return[0x0]     Solution:
Info    2023-04-16 06:35:53  DevID:MV-CA016-10UC(00K97085740)  Source-Line:libMvCameraControl.so(CInterfaceManager.cpp-L6710)     Description:CamCtrl[0x3020201], U3V SDKVersion[0x3020201], DriverVersion[0x0]     Solution:
Error   2023-04-16 06:35:53  DevID:MV-CA016-10UC(00K97085740)  Source-Line:libMvCameraControl.so(CInterfaceManager.cpp-L4225)     Description:[MV_CC_InvalidateNodes] return[0x80000003]     Solution:
Info    2023-04-16 06:35:53  DevID:MV-CA016-10UC(00K97085740)  Source-Line:libMvCameraControl.so(CInterfaceManager.cpp-L1086)     Description:[MV_CC_OpenDevice] nPrivilegeMode[1], nSwitchoverKey[0], return[0x80000203]     Solution:
Info    2023-04-16 06:35:53  DevID:MV-CA016-10UC(00K97085740)  Source-Line:libMvCameraControl.so(CInterfaceManager.cpp-L0809)     Description:Current dynamic library path[/opt/MVS/lib/aarch64/libMvCameraControl.so]     Solution:
Info    2023-04-16 06:35:53  DevID:MV-CA016-10UC(00K97085740)  Source-Line:libMvCameraControl.so(CInterfaceManager.cpp-L0812)     Description:CamCtl_Version: 3.2.2.1     Solution:
Info    2023-04-16 06:35:53  DevID:MV-CA016-10UC(00K97085740)  Source-Line:libMvCameraControl.so(CInterfaceManager.cpp-L0813)     Description:CamCtl_Description: BaseLine Build 20220511     Solution:
Info    2023-04-16 06:35:53  DevID:MV-CA016-10UC(00K97085740)  Source-Line:libMvCameraControl.so(CInterfaceManager.cpp-L0815)     Description:[MV_CC_CreateHandle] return[0x0]     Solution:
Info    2023-04-16 06:35:53  DevID:MV-CA016-10UC(00K97085740)  Source-Line:libMvCameraControl.so(CInterfaceManager.cpp-L6710)     Description:CamCtrl[0x3020201], U3V SDKVersion[0x3020201], DriverVersion[0x0]     Solution:
Error   2023-04-16 06:35:53  DevID:MV-CA016-10UC(00K97085740)  Source-Line:libMvCameraControl.so(CInterfaceManager.cpp-L4225)     Description:[MV_CC_InvalidateNodes] return[0x80000003]     Solution:
Info    2023-04-16 06:35:53  DevID:MV-CA016-10UC(00K97085740)  Source-Line:libMvCameraControl.so(CInterfaceManager.cpp-L1086)     Description:[MV_CC_OpenDevice] nPrivilegeMode[1], nSwitchoverKey[0], return[0x80000203]     Solution:
Info    2023-04-16 06:35:53  DevID:MV-CA016-10UC(00K97085740)  Source-Line:libMvCameraControl.so(CInterfaceManager.cpp-L0809)     Description:Current dynamic library path[/opt/MVS/lib/aarch64/libMvCameraControl.so]     Solution:
Info    2023-04-16 06:35:53  DevID:MV-CA016-10UC(00K97085740)  Source-Line:libMvCameraControl.so(CInterfaceManager.cpp-L0812)     Description:CamCtl_Version: 3.2.2.1     Solution:
Info    2023-04-16 06:35:53  DevID:MV-CA016-10UC(00K97085740)  Source-Line:libMvCameraControl.so(CInterfaceManager.cpp-L0813)     Description:CamCtl_Description: BaseLine Build 20220511     Solution:
Info    2023-04-16 06:35:53  DevID:MV-CA016-10UC(00K97085740)  Source-Line:libMvCameraControl.so(CInterfaceManager.cpp-L0815)     Description:[MV_CC_CreateHandle] return[0x0]     Solution:
Info    2023-04-16 06:35:53  DevID:MV-CA016-10UC(00K97085740)  Source-Line:libMvCameraControl.so(CInterfaceManager.cpp-L6710)     Description:CamCtrl[0x3020201], U3V SDKVersion[0x3020201], DriverVersion[0x0]     Solution:
Error   2023-04-16 06:35:53  DevID:MV-CA016-10UC(00K97085740)  Source-Line:libMvCameraControl.so(CInterfaceManager.cpp-L4225)     Description:[MV_CC_InvalidateNodes] return[0x80000003]     Solution:
Info    2023-04-16 06:35:53  DevID:MV-CA016-10UC(00K97085740)  Source-Line:libMvCameraControl.so(CInterfaceManager.cpp-L1086)     Description:[MV_CC_OpenDevice] nPrivilegeMode[1], nSwitchoverKey[0], return[0x80000203]     Solution:
Info    2023-04-16 06:35:53  DevID:MV-CA016-10UC(00K97085740)  Source-Line:libMvCameraControl.so(CInterfaceManager.cpp-L0809)     Description:Current dynamic library path[/opt/MVS/lib/aarch64/libMvCameraControl.so]     Solution:
Info    2023-04-16 06:35:53  DevID:MV-CA016-10UC(00K97085740)  Source-Line:libMvCameraControl.so(CInterfaceManager.cpp-L0812)     Description:CamCtl_Version: 3.2.2.1     Solution:
Info    2023-04-16 06:35:53  DevID:MV-CA016-10UC(00K97085740)  Source-Line:libMvCameraControl.so(CInterfaceManager.cpp-L0813)     Description:CamCtl_Description: BaseLine Build 20220511     Solution:
Info    2023-04-16 06:35:53  DevID:MV-CA016-10UC(00K97085740)  Source-Line:libMvCameraControl.so(CInterfaceManager.cpp-L0815)     Description:[MV_CC_CreateHandle] return[0x0]     Solution:
Info    2023-04-16 06:35:53  DevID:MV-CA016-10UC(00K97085740)  Source-Line:libMvCameraControl.so(CInterfaceManager.cpp-L6710)     Description:CamCtrl[0x3020201], U3V SDKVersion[0x3020201], DriverVersion[0x0]     Solution:
Error   2023-04-16 06:35:53  DevID:MV-CA016-10UC(00K97085740)  Source-Line:libMvCameraControl.so(CInterfaceManager.cpp-L4225)     Description:[MV_CC_InvalidateNodes] return[0x80000003]     Solution:
Info    2023-04-16 06:35:53  DevID:MV-CA016-10UC(00K97085740)  Source-Line:libMvCameraControl.so(CInterfaceManager.cpp-L1086)     Description:[MV_CC_OpenDevice] nPrivilegeMode[1], nSwitchoverKey[0], return[0x80000203]     Solution:
Info    2023-04-16 06:35:53  DevID:MV-CA016-10UC(00K97085740)  Source-Line:libMvCameraControl.so(CInterfaceManager.cpp-L0809)     Description:Current dynamic library path[/opt/MVS/lib/aarch64/libMvCameraControl.so]     Solution:
Info    2023-04-16 06:35:53  DevID:MV-CA016-10UC(00K97085740)  Source-Line:libMvCameraControl.so(CInterfaceManager.cpp-L0812)     Description:CamCtl_Version: 3.2.2.1     Solution:
Info    2023-04-16 06:35:53  DevID:MV-CA016-10UC(00K97085740)  Source-Line:libMvCameraControl.so(CInterfaceManager.cpp-L0813)     Description:CamCtl_Description: BaseLine Build 20220511     Solution:
Info    2023-04-16 06:35:53  DevID:MV-CA016-10UC(00K97085740)  Source-Line:libMvCameraControl.so(CInterfaceManager.cpp-L0815)     Description:[MV_CC_CreateHandle] return[0x0]     Solution:
Info    2023-04-16 06:35:53  DevID:MV-CA016-10UC(00K97085740)  Source-Line:libMvCameraControl.so(CInterfaceManager.cpp-L6710)     Description:CamCtrl[0x3020201], U3V SDKVersion[0x3020201], DriverVersion[0x0]     Solution:
Error   2023-04-16 06:35:53  DevID:MV-CA016-10UC(00K97085740)  Source-Line:libMvCameraControl.so(CInterfaceManager.cpp-L4225)     Description:[MV_CC_InvalidateNodes] return[0x80000003]     Solution:
Info    2023-04-16 06:35:53  DevID:MV-CA016-10UC(00K97085740)  Source-Line:libMvCameraControl.so(CInterfaceManager.cpp-L1086)     Description:[MV_CC_OpenDevice] nPrivilegeMode[1], nSwitchoverKey[0], return[0x80000203]     Solution:
Info    2023-04-16 06:35:53  DevID:MV-CA016-10UC(00K97085740)  Source-Line:libMvCameraControl.so(CInterfaceManager.cpp-L0809)     Description:Current dynamic library path[/opt/MVS/lib/aarch64/libMvCameraControl.so]     Solution:
Info    2023-04-16 06:35:53  DevID:MV-CA016-10UC(00K97085740)  Source-Line:libMvCameraControl.so(CInterfaceManager.cpp-L0812)     Description:CamCtl_Version: 3.2.2.1     Solution:
Info    2023-04-16 06:35:53  DevID:MV-CA016-10UC(00K97085740)  Source-Line:libMvCameraControl.so(CInterfaceManager.cpp-L0813)     Description:CamCtl_Description: BaseLine Build 20220511     Solution:
Info    2023-04-16 06:35:53  DevID:MV-CA016-10UC(00K97085740)  Source-Line:libMvCameraControl.so(CInterfaceManager.cpp-L0815)     Description:[MV_CC_CreateHandle] return[0x0]     Solution:
Info    2023-04-16 06:35:53  DevID:MV-CA016-10UC(00K97085740)  Source-Line:libMvCameraControl.so(CInterfaceManager.cpp-L6710)     Description:CamCtrl[0x3020201], U3V SDKVersion[0x3020201], DriverVersion[0x0]     Solution:
